<?xml version="1.0" encoding="UTF-8"?>
<!-- Generated by org.testng.reporters.JUnitReportReporter -->
<testsuite skipped="0" hostname="L34481WIN" name="com.dice.tests.PrintFBFriends" tests="1" failures="0" timestamp="2020-04-06T19:54:47 IST" time="30.442" errors="0">
  <testcase name="FBFriends" time="30.442" classname="com.dice.tests.PrintFBFriends"/>
</testsuite> <!-- com.dice.tests.PrintFBFriends -->
